# JRE version: Java(TM) SE Runtime Environment (8.0_201-b09) (build 1.8.0_201-b09)
# Java VM: Java HotSpot(TM) 64-Bit Server VM (25.201-b09 mixed mode linux-amd64 compressed oops)
Heap:
 PSYoungGen      total 235008K, used 12768K [0x00000000d6f80000, 0x00000000e6180000, 0x0000000100000000)
  eden space 222208K, 0% used [0x00000000d6f80000,0x00000000d6f80000,0x00000000e4880000)
  from space 12800K, 99% used [0x00000000e4880000,0x00000000e54f8068,0x00000000e5500000)
  to   space 9728K, 0% used [0x00000000e5800000,0x00000000e5800000,0x00000000e6180000)
 ParOldGen       total 73728K, used 29288K [0x0000000084e00000, 0x0000000089600000, 0x00000000d6f80000)
  object space 73728K, 39% used [0x0000000084e00000,0x0000000086a9a3f8,0x0000000089600000)
 Metaspace       used 52739K, capacity 53283K, committed 53632K, reserved 1095680K
  class space    used 8106K, capacity 8272K, committed 8320K, reserved 1048576K
GC Heap History (10 events):
Event: 2.475 GC heap after
Heap after GC invocations=6 (full 0):
 PSYoungGen      total 135168K, used 5227K [0x00000000d6f80000, 0x00000000dfc80000, 0x0000000100000000)
  eden space 126976K, 0% used [0x00000000d6f80000,0x00000000d6f80000,0x00000000deb80000)
  from space 8192K, 63% used [0x00000000df480000,0x00000000df99ace0,0x00000000dfc80000)
  to   space 8704K, 0% used [0x00000000deb80000,0x00000000deb80000,0x00000000df400000)
 ParOldGen       total 84992K, used 6061K [0x0000000084e00000, 0x000000008a100000, 0x00000000d6f80000)
  object space 84992K, 7% used [0x0000000084e00000,0x00000000853eb7d0,0x000000008a100000)
 Metaspace       used 20934K, capacity 21164K, committed 21296K, reserved 1069056K
  class space    used 2581K, capacity 2671K, committed 2688K, reserved 1048576K
}
Event: 2.475 GC heap before
{Heap before GC invocations=7 (full 1):
 PSYoungGen      total 135168K, used 5227K [0x00000000d6f80000, 0x00000000dfc80000, 0x0000000100000000)
  eden space 126976K, 0% used [0x00000000d6f80000,0x00000000d6f80000,0x00000000deb80000)
  from space 8192K, 63% used [0x00000000df480000,0x00000000df99ace0,0x00000000dfc80000)
  to   space 8704K, 0% used [0x00000000deb80000,0x00000000deb80000,0x00000000df400000)
 ParOldGen       total 84992K, used 6061K [0x0000000084e00000, 0x000000008a100000, 0x00000000d6f80000)
  object space 84992K, 7% used [0x0000000084e00000,0x00000000853eb7d0,0x000000008a100000)
 Metaspace       used 20934K, capacity 21164K, committed 21296K, reserved 1069056K
  class space    used 2581K, capacity 2671K, committed 2688K, reserved 1048576K
Event: 2.520 GC heap after
Heap after GC invocations=7 (full 1):
 PSYoungGen      total 135168K, used 0K [0x00000000d6f80000, 0x00000000dfc80000, 0x0000000100000000)
  eden space 126976K, 0% used [0x00000000d6f80000,0x00000000d6f80000,0x00000000deb80000)
  from space 8192K, 0% used [0x00000000df480000,0x00000000df480000,0x00000000dfc80000)
  to   space 8704K, 0% used [0x00000000deb80000,0x00000000deb80000,0x00000000df400000)
 ParOldGen       total 47616K, used 6606K [0x0000000084e00000, 0x0000000087c80000, 0x00000000d6f80000)
  object space 47616K, 13% used [0x0000000084e00000,0x0000000085473b20,0x0000000087c80000)
 Metaspace       used 20934K, capacity 21164K, committed 21296K, reserved 1069056K
  class space    used 2581K, capacity 2671K, committed 2688K, reserved 1048576K
}
Event: 4.142 GC heap before
{Heap before GC invocations=8 (full 1):
 PSYoungGen      total 135168K, used 126976K [0x00000000d6f80000, 0x00000000dfc80000, 0x0000000100000000)
  eden space 126976K, 100% used [0x00000000d6f80000,0x00000000deb80000,0x00000000deb80000)
  from space 8192K, 0% used [0x00000000df480000,0x00000000df480000,0x00000000dfc80000)
  to   space 8704K, 0% used [0x00000000deb80000,0x00000000deb80000,0x00000000df400000)
 ParOldGen       total 47616K, used 6606K [0x0000000084e00000, 0x0000000087c80000, 0x00000000d6f80000)
  object space 47616K, 13% used [0x0000000084e00000,0x0000000085473b20,0x0000000087c80000)
 Metaspace       used 26828K, capacity 27206K, committed 27520K, reserved 1073152K
  class space    used 3360K, capacity 3454K, committed 3456K, reserved 1048576K
Event: 4.150 GC heap after
Heap after GC invocations=8 (full 1):
 PSYoungGen      total 135680K, used 8683K [0x00000000d6f80000, 0x00000000e6180000, 0x0000000100000000)
  eden space 126976K, 0% used [0x00000000d6f80000,0x00000000d6f80000,0x00000000deb80000)
  from space 8704K, 99% used [0x00000000deb80000,0x00000000df3faf78,0x00000000df400000)
  to   space 9728K, 0% used [0x00000000e5800000,0x00000000e5800000,0x00000000e6180000)
 ParOldGen       total 47616K, used 6720K [0x0000000084e00000, 0x0000000087c80000, 0x00000000d6f80000)
  object space 47616K, 14% used [0x0000000084e00000,0x0000000085490010,0x0000000087c80000)
 Metaspace       used 26828K, capacity 27206K, committed 27520K, reserved 1073152K
  class space    used 3360K, capacity 3454K, committed 3456K, reserved 1048576K
}
Event: 5.522 GC heap before
{Heap before GC invocations=9 (full 1):
 PSYoungGen      total 135680K, used 107404K [0x00000000d6f80000, 0x00000000e6180000, 0x0000000100000000)
  eden space 126976K, 77% used [0x00000000d6f80000,0x00000000dcfe83d8,0x00000000deb80000)
  from space 8704K, 99% used [0x00000000deb80000,0x00000000df3faf78,0x00000000df400000)
  to   space 9728K, 0% used [0x00000000e5800000,0x00000000e5800000,0x00000000e6180000)
 ParOldGen       total 47616K, used 6720K [0x0000000084e00000, 0x0000000087c80000, 0x00000000d6f80000)
  object space 47616K, 14% used [0x0000000084e00000,0x0000000085490010,0x0000000087c80000)
 Metaspace       used 34771K, capacity 35228K, committed 35496K, reserved 1081344K
  class space    used 4236K, capacity 4346K, committed 4352K, reserved 1048576K
Event: 5.532 GC heap after
Heap after GC invocations=9 (full 1):
 PSYoungGen      total 231936K, used 9717K [0x00000000d6f80000, 0x00000000e6180000, 0x0000000100000000)
  eden space 222208K, 0% used [0x00000000d6f80000,0x00000000d6f80000,0x00000000e4880000)
  from space 9728K, 99% used [0x00000000e5800000,0x00000000e617d460,0x00000000e6180000)
  to   space 12800K, 0% used [0x00000000e4880000,0x00000000e4880000,0x00000000e5500000)
 ParOldGen       total 47616K, used 10467K [0x0000000084e00000, 0x0000000087c80000, 0x00000000d6f80000)
  object space 47616K, 21% used [0x0000000084e00000,0x0000000085838f20,0x0000000087c80000)
 Metaspace       used 34771K, capacity 35228K, committed 35496K, reserved 1081344K
  class space    used 4236K, capacity 4346K, committed 4352K, reserved 1048576K
}
Event: 5.532 GC heap before
{Heap before GC invocations=10 (full 2):
 PSYoungGen      total 231936K, used 9717K [0x00000000d6f80000, 0x00000000e6180000, 0x0000000100000000)
  eden space 222208K, 0% used [0x00000000d6f80000,0x00000000d6f80000,0x00000000e4880000)
  from space 9728K, 99% used [0x00000000e5800000,0x00000000e617d460,0x00000000e6180000)
  to   space 12800K, 0% used [0x00000000e4880000,0x00000000e4880000,0x00000000e5500000)
 ParOldGen       total 47616K, used 10467K [0x0000000084e00000, 0x0000000087c80000, 0x00000000d6f80000)
  object space 47616K, 21% used [0x0000000084e00000,0x0000000085838f20,0x0000000087c80000)
 Metaspace       used 34771K, capacity 35228K, committed 35496K, reserved 1081344K
  class space    used 4236K, capacity 4346K, committed 4352K, reserved 1048576K
Event: 5.636 GC heap after
Heap after GC invocations=10 (full 2):
 PSYoungGen      total 231936K, used 0K [0x00000000d6f80000, 0x00000000e6180000, 0x0000000100000000)
  eden space 222208K, 0% used [0x00000000d6f80000,0x00000000d6f80000,0x00000000e4880000)
  from space 9728K, 0% used [0x00000000e5800000,0x00000000e5800000,0x00000000e6180000)
  to   space 12800K, 0% used [0x00000000e4880000,0x00000000e4880000,0x00000000e5500000)
 ParOldGen       total 73728K, used 19445K [0x0000000084e00000, 0x0000000089600000, 0x00000000d6f80000)
  object space 73728K, 26% used [0x0000000084e00000,0x00000000860fd730,0x0000000089600000)
 Metaspace       used 34771K, capacity 35228K, committed 35496K, reserved 1081344K
  class space    used 4236K, capacity 4346K, committed 4352K, reserved 1048576K
}
Event: 8.562 GC heap before
{Heap before GC invocations=11 (full 2):
 PSYoungGen      total 231936K, used 222208K [0x00000000d6f80000, 0x00000000e6180000, 0x0000000100000000)
  eden space 222208K, 100% used [0x00000000d6f80000,0x00000000e4880000,0x00000000e4880000)
  from space 9728K, 0% used [0x00000000e5800000,0x00000000e5800000,0x00000000e6180000)
  to   space 12800K, 0% used [0x00000000e4880000,0x00000000e4880000,0x00000000e5500000)
 ParOldGen       total 73728K, used 19445K [0x0000000084e00000, 0x0000000089600000, 0x00000000d6f80000)
  object space 73728K, 26% used [0x0000000084e00000,0x00000000860fd730,0x0000000089600000)
 Metaspace       used 52739K, capacity 53283K, committed 53632K, reserved 1095680K
  class space    used 8106K, capacity 8272K, committed 8320K, reserved 1048576K

